# JRE version: Java(TM) SE Runtime Environment (8.0_66-b17) (build 1.8.0_66-b17)
# Java VM: Java HotSpot(TM) Server VM (25.66-b17 mixed mode linux-x86 )
Heap:
 PSYoungGen      total 212480K, used 52300K [0x91ac0000, 0xa7000000, 0xa7000000)
  eden space 139520K, 0% used [0x91ac0000,0x91ac0000,0x9a300000)
  from space 72960K, 71% used [0x9a300000,0x9d613000,0x9ea40000)
  to   space 78592K, 0% used [0xa2340000,0xa2340000,0xa7000000)
 ParOldGen       total 197376K, used 196550K [0x67000000, 0x730c0000, 0x91ac0000)
  object space 197376K, 99% used [0x67000000,0x72ff1a38,0x730c0000)
 Metaspace       used 4025K, capacity 4038K, committed 4120K, reserved 4400K
GC Heap History (10 events):
Event: 6.042 GC heap after
Heap after GC invocations=9 (full 1):
 PSYoungGen      total 130816K, used 995K [0x91ac0000, 0x9c3c0000, 0xa7000000)
  eden space 116224K, 0% used [0x91ac0000,0x91ac0000,0x98c40000)
  from space 14592K, 6% used [0x9a380000,0x9a478d50,0x9b1c0000)
  to   space 23808K, 0% used [0x98c40000,0x98c40000,0x9a380000)
 ParOldGen       total 76800K, used 42276K [0x67000000, 0x6bb00000, 0x91ac0000)
  object space 76800K, 55% used [0x67000000,0x69949140,0x6bb00000)
 Metaspace       used 4005K, capacity 4038K, committed 4120K, reserved 4400K
}
Event: 10.685 GC heap before
{Heap before GC invocations=10 (full 1):
 PSYoungGen      total 130816K, used 117219K [0x91ac0000, 0x9c3c0000, 0xa7000000)
  eden space 116224K, 100% used [0x91ac0000,0x98c40000,0x98c40000)
  from space 14592K, 6% used [0x9a380000,0x9a478d50,0x9b1c0000)
  to   space 23808K, 0% used [0x98c40000,0x98c40000,0x9a380000)
 ParOldGen       total 76800K, used 42276K [0x67000000, 0x6bb00000, 0x91ac0000)
  object space 76800K, 55% used [0x67000000,0x69949140,0x6bb00000)
 Metaspace       used 4020K, capacity 4038K, committed 4120K, reserved 4400K
Event: 10.853 GC heap after
Heap after GC invocations=10 (full 1):
 PSYoungGen      total 140032K, used 23807K [0x91ac0000, 0xa2300000, 0xa7000000)
  eden space 116224K, 0% used [0x91ac0000,0x91ac0000,0x98c40000)
  from space 23808K, 99% used [0x98c40000,0x9a37ff48,0x9a380000)
  to   space 58112K, 0% used [0x9ea40000,0x9ea40000,0xa2300000)
 ParOldGen       total 116480K, used 116125K [0x67000000, 0x6e1c0000, 0x91ac0000)
  object space 116480K, 99% used [0x67000000,0x6e167578,0x6e1c0000)
 Metaspace       used 4020K, capacity 4038K, committed 4120K, reserved 4400K
}
Event: 10.853 GC heap before
{Heap before GC invocations=11 (full 2):
 PSYoungGen      total 140032K, used 23807K [0x91ac0000, 0xa2300000, 0xa7000000)
  eden space 116224K, 0% used [0x91ac0000,0x91ac0000,0x98c40000)
  from space 23808K, 99% used [0x98c40000,0x9a37ff48,0x9a380000)
  to   space 58112K, 0% used [0x9ea40000,0x9ea40000,0xa2300000)
 ParOldGen       total 116480K, used 116125K [0x67000000, 0x6e1c0000, 0x91ac0000)
  object space 116480K, 99% used [0x67000000,0x6e167578,0x6e1c0000)
 Metaspace       used 4020K, capacity 4038K, committed 4120K, reserved 4400K
Event: 11.395 GC heap after
Heap after GC invocations=11 (full 2):
 PSYoungGen      total 140032K, used 0K [0x91ac0000, 0xa2300000, 0xa7000000)
  eden space 116224K, 0% used [0x91ac0000,0x91ac0000,0x98c40000)
  from space 23808K, 0% used [0x98c40000,0x98c40000,0x9a380000)
  to   space 58112K, 0% used [0x9ea40000,0x9ea40000,0xa2300000)
 ParOldGen       total 187904K, used 114108K [0x67000000, 0x72780000, 0x91ac0000)
  object space 187904K, 60% used [0x67000000,0x6df6f110,0x72780000)
 Metaspace       used 4020K, capacity 4038K, committed 4120K, reserved 4400K
}
Event: 11.570 GC heap before
{Heap before GC invocations=12 (full 2):
 PSYoungGen      total 140032K, used 116224K [0x91ac0000, 0xa2300000, 0xa7000000)
  eden space 116224K, 100% used [0x91ac0000,0x98c40000,0x98c40000)
  from space 23808K, 0% used [0x98c40000,0x98c40000,0x9a380000)
  to   space 58112K, 0% used [0x9ea40000,0x9ea40000,0xa2300000)
 ParOldGen       total 187904K, used 114108K [0x67000000, 0x72780000, 0x91ac0000)
  object space 187904K, 60% used [0x67000000,0x6df6f110,0x72780000)
 Metaspace       used 4020K, capacity 4038K, committed 4120K, reserved 4400K
Event: 11.686 GC heap after
Heap after GC invocations=12 (full 2):
 PSYoungGen      total 197632K, used 58103K [0x91ac0000, 0xa3f00000, 0xa7000000)
  eden space 139520K, 0% used [0x91ac0000,0x91ac0000,0x9a300000)
  from space 58112K, 99% used [0x9ea40000,0xa22fdfa0,0xa2300000)
  to   space 72960K, 0% used [0x9a300000,0x9a300000,0x9ea40000)
 ParOldGen       total 187904K, used 126136K [0x67000000, 0x72780000, 0x91ac0000)
  object space 187904K, 67% used [0x67000000,0x6eb2e110,0x72780000)
 Metaspace       used 4020K, capacity 4038K, committed 4120K, reserved 4400K
}
Event: 12.098 GC heap before
{Heap before GC invocations=13 (full 2):
 PSYoungGen      total 197632K, used 197623K [0x91ac0000, 0xa3f00000, 0xa7000000)
  eden space 139520K, 100% used [0x91ac0000,0x9a300000,0x9a300000)
  from space 58112K, 99% used [0x9ea40000,0xa22fdfa0,0xa2300000)
  to   space 72960K, 0% used [0x9a300000,0x9a300000,0x9ea40000)
 ParOldGen       total 187904K, used 126136K [0x67000000, 0x72780000, 0x91ac0000)
  object space 187904K, 67% used [0x67000000,0x6eb2e110,0x72780000)
 Metaspace       used 4025K, capacity 4038K, committed 4120K, reserved 4400K
Event: 12.286 GC heap after
Heap after GC invocations=13 (full 2):
 PSYoungGen      total 212480K, used 52300K [0x91ac0000, 0xa7000000, 0xa7000000)
  eden space 139520K, 0% used [0x91ac0000,0x91ac0000,0x9a300000)
  from space 72960K, 71% used [0x9a300000,0x9d613000,0x9ea40000)
  to   space 78592K, 0% used [0xa2340000,0xa2340000,0xa7000000)
 ParOldGen       total 197376K, used 196550K [0x67000000, 0x730c0000, 0x91ac0000)
  object space 197376K, 99% used [0x67000000,0x72ff1a38,0x730c0000)
 Metaspace       used 4025K, capacity 4038K, committed 4120K, reserved 4400K
}
Event: 12.286 GC heap before
{Heap before GC invocations=14 (full 3):
 PSYoungGen      total 212480K, used 52300K [0x91ac0000, 0xa7000000, 0xa7000000)
  eden space 139520K, 0% used [0x91ac0000,0x91ac0000,0x9a300000)
  from space 72960K, 71% used [0x9a300000,0x9d613000,0x9ea40000)
  to   space 78592K, 0% used [0xa2340000,0xa2340000,0xa7000000)
 ParOldGen       total 197376K, used 196550K [0x67000000, 0x730c0000, 0x91ac0000)
  object space 197376K, 99% used [0x67000000,0x72ff1a38,0x730c0000)
 Metaspace       used 4025K, capacity 4038K, committed 4120K, reserved 4400K

